{
 "displayTimeUnit": "ms",
 "traceEvents": [
  {
   "ts": 0,
   "pid": "TRUCK 0:0",
   "tid": "TRUCK 0:0",
   "cat": "ddd",
   "args": {
    "cargo": [
     "CARGO:FACTORY_A_0"
    ],
    "transport": "TRUCK 0:0"
   },
   "ph": "B",
   "name": "FACTORY-PORT"
  },
  {
   "ts": 0,
   "pid": "TRUCK 1:1",
   "tid": "TRUCK 1:1",
   "cat": "ddd",
   "args": {
    "cargo": [
     "CARGO:FACTORY_B_0"
    ],
    "transport": "TRUCK 1:1"
   },
   "ph": "B",
   "name": "FACTORY-WAREHOUSEB"
  },
  {
   "ts": 1,
   "pid": "TRUCK 0:0",
   "tid": "TRUCK 0:0",
   "cat": "ddd",
   "args": {
    "cargo": [
     "CARGO:FACTORY_A_0"
    ],
    "transport": "TRUCK 0:0"
   },
   "ph": "E"
  },
  {
   "ts": 1,
   "pid": "TRUCK 0:0",
   "tid": "TRUCK 0:0",
   "cat": "ddd",
   "args": {
    "cargo": [],
    "transport": "TRUCK 0:0"
   },
   "ph": "B",
   "name": "PORT-FACTORY"
  },
  {
   "ts": 1,
   "pid": "BOAT 0:0",
   "tid": "BOAT 0:0",
   "cat": "ddd",
   "args": {
    "cargo": [
     "CARGO:FACTORY_A_0"
    ],
    "transport": "BOAT 0:0"
   },
   "ph": "B",
   "name": "PORT-WAREHOUSEA"
  },
  {
   "ts": 2,
   "pid": "TRUCK 0:0",
   "tid": "TRUCK 0:0",
   "cat": "ddd",
   "args": {
    "cargo": [],
    "transport": "TRUCK 0:0"
   },
   "ph": "E"
  },
  {
   "ts": 5,
   "pid": "TRUCK 1:1",
   "tid": "TRUCK 1:1",
   "cat": "ddd",
   "args": {
    "cargo": [
     "CARGO:FACTORY_B_0"
    ],
    "transport": "TRUCK 1:1"
   },
   "ph": "E"
  },
  {
   "ts": 5,
   "pid": "BOAT 0:0",
   "tid": "BOAT 0:0",
   "cat": "ddd",
   "args": {
    "cargo": [
     "CARGO:FACTORY_A_0"
    ],
    "transport": "BOAT 0:0"
   },
   "ph": "E"
  },
  {
   "ts": 5,
   "pid": "TRUCK 1:1",
   "tid": "TRUCK 1:1",
   "cat": "ddd",
   "args": {
    "cargo": [],
    "transport": "TRUCK 1:1"
   },
   "ph": "B",
   "name": "B-FACTORY"
  },
  {
   "ts": 5,
   "pid": "BOAT 0:0",
   "tid": "BOAT 0:0",
   "cat": "ddd",
   "args": {
    "cargo": [],
    "transport": "BOAT 0:0"
   },
   "ph": "B",
   "name": "A-PORT"
  }
 ]
}
